build/app/outputs/logs/manifest-merger-debug-report.txt
-- Merging decision tree log ---
manifest
ADDED from src/main/AndroidManifest.xml:1:1-80:12
INJECTED from src/main/AndroidManifest.xml:1:1-80:12
INJECTED from src/main/AndroidManifest.xml:1:1-80:12
INJECTED from src/main/AndroidManifest.xml:1:1-80:12
MERGED from src/main/AndroidManifest.xml:1:1-80:12
MERGED from [:braintree_payment] AndroidManifest.xml:2:1-7:12
MERGED from [:location] AndroidManifest.xml:2:1-10:12
MERGED from [:razorpay_flutter] AndroidManifest.xml:2:1-14:12
MERGED from [:google_maps_flutter] AndroidManifest.xml:2:1-7:12
MERGED from [:flutter_plugin_android_lifecycle] AndroidManifest.xml:2:1-7:12
MERGED from [:geolocator] AndroidManifest.xml:2:1-9:12
MERGED from [:google_api_availability] AndroidManifest.xml:2:1-7:12
MERGED from [:flutter_local_notifications] AndroidManifest.xml:2:1-7:12
MERGED from [:stripe_payment] AndroidManifest.xml:2:1-37:12
MERGED from [:firebase_auth] AndroidManifest.xml:2:1-15:12
MERGED from [:firebase_admob] AndroidManifest.xml:2:1-9:12
MERGED from [:firebase_core] AndroidManifest.xml:2:1-15:12
MERGED from [:firebase_core_web] AndroidManifest.xml:2:1-7:12
MERGED from [:location_web] AndroidManifest.xml:2:1-7:12
MERGED from [:geocoder] AndroidManifest.xml:2:1-7:12
MERGED from [:sms_otp_auto_verify] AndroidManifest.xml:2:1-19:12
MERGED from [:shared_preferences] AndroidManifest.xml:2:1-7:12
MERGED from [:libphonenumber] AndroidManifest.xml:2:1-7:12
MERGED from [:firebase_messaging] AndroidManifest.xml:2:1-20:12
MERGED from [:fluttertoast] AndroidManifest.xml:2:1-7:12
MERGED from [:location_permissions] AndroidManifest.xml:2:1-7:12
MERGED from [:url_launcher] AndroidManifest.xml:2:1-14:12
MERGED from [com.stripe:stripe-android:10.4.6] AndroidManifest.xml:2:1-29:12
MERGED from [com.stripe:stripe-3ds2-android:1.2.2] AndroidManifest.xml:2:1-20:12
MERGED from [com.google.firebase:firebase-ads:18.1.1] AndroidManifest.xml:2:1-9:12
MERGED from [com.google.firebase:firebase-analytics:17.2.0] AndroidManifest.xml:2:1-9:12
MERGED from [androidx.legacy:legacy-support-v4:1.0.0] AndroidManifest.xml:17:1-22:12
MERGED from [io.card:android-sdk:5.5.1] AndroidManifest.xml:2:1-26:12
MERGED from [com.google.firebase:firebase-messaging:20.0.0] AndroidManifest.xml:17:1-37:12
MERGED from [com.google.android.gms:play-services-location:16.0.0] AndroidManifest.xml:2:1-9:12
MERGED from [com.google.android.gms:play-services-wallet:18.0.0] AndroidManifest.xml:17:1-22:12
MERGED from [com.google.firebase:firebase-auth:17.0.0] AndroidManifest.xml:17:1-42:12
MERGED from [com.google.android.gms:play-services-auth:17.0.0] AndroidManifest.xml:17:1-39:12
MERGED from [com.google.android.gms:play-services-auth-api-phone:17.4.0] AndroidManifest.xml:2:1-7:12
MERGED from [com.google.android.gms:play-services-maps:17.0.0] AndroidManifest.xml:17:1-38:12
MERGED from [com.google.android.gms:play-services-identity:17.0.0] AndroidManifest.xml:17:1-24:12
MERGED from [com.google.android.gms:play-services-flags:16.0.1] AndroidManifest.xml:17:1-22:12
MERGED from [com.google.firebase:firebase-auth-interop:17.0.0] AndroidManifest.xml:2:1-10:12
MERGED from [com.google.android.gms:play-services-auth-base:17.0.0] AndroidManifest.xml:2:1-7:12
MERGED from [com.google.android.gms:play-services-measurement-api:17.2.0] AndroidManifest.xml:17:1-36:12
MERGED from [com.google.firebase:firebase-iid:20.0.0] AndroidManifest.xml:17:1-47:12
MERGED from [com.google.firebase:firebase-iid-interop:17.0.0] AndroidManifest.xml:2:1-10:12
MERGED from [com.google.android.gms:play-services-base:17.2.1] AndroidManifest.xml:17:1-29:12
MERGED from [com.google.android.gms:play-services-ads:18.1.1] AndroidManifest.xml:17:1-25:12
MERGED from [com.google.android.gms:play-services-ads-lite:18.1.1] AndroidManifest.xml:17:1-42:12
MERGED from [com.google.android.gms:play-services-measurement:17.2.0] AndroidManifest.xml:17:1-55:12
MERGED from [com.google.android.gms:play-services-measurement-sdk:17.2.0] AndroidManifest.xml:17:1-25:12
MERGED from [com.google.android.gms:play-services-measurement-impl:17.2.0] AndroidManifest.xml:17:1-40:12
MERGED from [com.google.android.gms:play-services-measurement-sdk-api:17.2.0] AndroidManifest.xml:17:1-27:12
MERGED from [com.google.android.gms:play-services-measurement-base:17.2.0] AndroidManifest.xml:2:1-9:12
MERGED from [com.google.android.gms:play-services-stats:17.0.0] AndroidManifest.xml:2:1-9:12
MERGED from [com.google.firebase:firebase-common:19.0.0] AndroidManifest.xml:2:1-19:12
MERGED from [com.google.firebase:firebase-measurement-connector:18.0.0] AndroidManifest.xml:17:1-25:12
MERGED from [com.google.android.gms:play-services-places-placereport:16.0.0] AndroidManifest.xml:17:1-24:12
MERGED from [com.google.android.gms:play-services-tasks:17.0.2] AndroidManifest.xml:2:1-9:12
MERGED from [com.google.android.gms:play-services-ads-identifier:17.0.0] AndroidManifest.xml:17:1-24:12
MERGED from [com.google.android.gms:play-services-gass:18.1.1] AndroidManifest.xml:2:1-9:12
MERGED from [com.google.android.gms:play-services-basement:17.2.1] AndroidManifest.xml:17:1-28:12
MERGED from [com.braintreepayments.api:drop-in:4.5.0] AndroidManifest.xml:2:1-29:12
MERGED from [com.braintreepayments:card-form:4.2.0] AndroidManifest.xml:2:1-11:12
MERGED from [com.google.android.material:material:1.0.0] AndroidManifest.xml:17:1-24:12
MERGED from [com.braintreepayments.api:braintree:3.7.2] AndroidManifest.xml:2:1-22:12
MERGED from [com.braintreepayments.api:three-d-secure:3.7.2] AndroidManifest.xml:2:1-11:12
MERGED from [androidx.appcompat:appcompat:1.0.1] AndroidManifest.xml:17:1-22:12
MERGED from [com.paypal.android.sdk:paypal-one-touch:3.7.2] AndroidManifest.xml:2:1-13:12
MERGED from [com.braintreepayments.api:core:3.7.2] AndroidManifest.xml:2:1-11:12
MERGED from [com.braintreepayments:browser-switch:0.2.0] AndroidManifest.xml:2:1-11:12
MERGED from [androidx.fragment:fragment:1.1.0] AndroidManifest.xml:17:1-24:12
MERGED from [androidx.recyclerview:recyclerview:1.0.0] AndroidManifest.xml:17:1-22:12
MERGED from [androidx.browser:browser:1.0.0] AndroidManifest.xml:17:1-22:12
MERGED from [androidx.vectordrawable:vectordrawable-animated:1.0.0] AndroidManifest.xml:17:1-22:12
MERGED from [androidx.legacy:legacy-support-core-ui:1.0.0] AndroidManifest.xml:17:1-22:12
MERGED from [androidx.legacy:legacy-support-core-utils:1.0.0] AndroidManifest.xml:17:1-22:12
MERGED from [androidx.media:media:1.1.0] AndroidManifest.xml:17:1-24:12
MERGED from [androidx.viewpager:viewpager:1.0.0] AndroidManifest.xml:17:1-22:12
MERGED from [androidx.loader:loader:1.0.0] AndroidManifest.xml:17:1-22:12
MERGED from [androidx.activity:activity:1.0.0] AndroidManifest.xml:17:1-24:12
MERGED from [androidx.coordinatorlayout:coordinatorlayout:1.0.0] AndroidManifest.xml:17:1-22:12
MERGED from [androidx.drawerlayout:drawerlayout:1.0.0] AndroidManifest.xml:17:1-22:12
MERGED from [androidx.slidingpanelayout:slidingpanelayout:1.0.0] AndroidManifest.xml:17:1-22:12
MERGED from [androidx.customview:customview:1.0.0] AndroidManifest.xml:17:1-22:12
MERGED from [androidx.swiperefreshlayout:swiperefreshlayout:1.0.0] AndroidManifest.xml:17:1-22:12
MERGED from [androidx.asynclayoutinflater:asynclayoutinflater:1.0.0] AndroidManifest.xml:17:1-22:12
MERGED from [androidx.transition:transition:1.0.0] AndroidManifest.xml:17:1-22:12
MERGED from [androidx.vectordrawable:vectordrawable:1.0.1] AndroidManifest.xml:17:1-22:12
MERGED from [androidx.core:core:1.2.0] AndroidManifest.xml:17:1-26:12
MERGED from [androidx.lifecycle:lifecycle-runtime:2.2.0] AndroidManifest.xml:17:1-24:12
MERGED from [androidx.savedstate:savedstate:1.0.0] AndroidManifest.xml:17:1-24:12
MERGED from [androidx.lifecycle:lifecycle-livedata:2.0.0] AndroidManifest.xml:17:1-22:12
MERGED from [androidx.lifecycle:lifecycle-livedata-core:2.0.0] AndroidManifest.xml:17:1-22:12
MERGED from [androidx.localbroadcastmanager:localbroadcastmanager:1.0.0] AndroidManifest.xml:17:1-22:12
MERGED from [androidx.arch.core:core-runtime:2.0.0] AndroidManifest.xml:17:1-22:12
MERGED from [androidx.versionedparcelable:versionedparcelable:1.1.0] AndroidManifest.xml:17:1-27:12
MERGED from [androidx.documentfile:documentfile:1.0.0] AndroidManifest.xml:17:1-22:12
MERGED from [androidx.print:print:1.0.0] AndroidManifest.xml:17:1-22:12
MERGED from [androidx.interpolator:interpolator:1.0.0] AndroidManifest.xml:17:1-22:12
MERGED from [androidx.cursoradapter:cursoradapter:1.0.0] AndroidManifest.xml:17:1-22:12
MERGED from [androidx.cardview:cardview:1.0.0] AndroidManifest.xml:17:1-22:12
MERGED from [androidx.lifecycle:lifecycle-viewmodel:2.1.0] AndroidManifest.xml:17:1-22:12
MERGED from [com.razorpay:checkout:1.5.16] AndroidManifest.xml:2:1-32:12
MERGED from [androidx.multidex:multidex:2.0.0] AndroidManifest.xml:17:1-22:12
MERGED from [com.braintreepayments.api:google-payment:3.1.1] AndroidManifest.xml:2:1-17:12
MERGED from [org.jfrog.cardinalcommerce.gradle:cardinalmobilesdk:2.2.1-2] AndroidManifest.xml:2:1-26:12
MERGED from [com.google.android.gms:play-services-ads-base:18.1.1] AndroidManifest.xml:2:1-9:12
MERGED from [com.paypal.android.sdk:data-collector:3.7.2] AndroidManifest.xml:2:1-13:12
INJECTED from src/debug/AndroidManifest.xml:1:1-7:12
INJECTED from src/debug/AndroidManifest.xml:1:1-7:12
INJECTED from src/debug/AndroidManifest.xml:1:1-7:12
	package
		ADDED from src/main/AndroidManifest.xml:3:5-34
		INJECTED from src/main/AndroidManifest.xml
		INJECTED from src/debug/AndroidManifest.xml
	android:versionName
		INJECTED from src/main/AndroidManifest.xml
		ADDED from src/main/AndroidManifest.xml:1:1-80:12
		INJECTED from src/debug/AndroidManifest.xml
	xmlns:tools
		ADDED from src/main/AndroidManifest.xml:2:1-47
		ADDED from src/main/AndroidManifest.xml:2:1-47
	android:versionCode
		INJECTED from src/main/AndroidManifest.xml
		ADDED from src/main/AndroidManifest.xml:1:1-80:12
		INJECTED from src/debug/AndroidManifest.xml
	xmlns:android
		ADDED from src/main/AndroidManifest.xml:1:11-69
uses-permission#android.permission.ACCESS_FINE_LOCATION
ADDED from src/main/AndroidManifest.xml:4:1-75
MERGED from [:location] AndroidManifest.xml:8:5-79
MERGED from [:location] AndroidManifest.xml:8:5-79
MERGED from [:geolocator] AndroidManifest.xml:7:5-79
MERGED from [:geolocator] AndroidManifest.xml:7:5-79
	android:name
		ADDED from src/main/AndroidManifest.xml:4:18-72
uses-permission#android.permission.CAMERA
ADDED from src/main/AndroidManifest.xml:5:5-64
MERGED from [io.card:android-sdk:5.5.1] AndroidManifest.xml:9:5-65
MERGED from [io.card:android-sdk:5.5.1] AndroidManifest.xml:9:5-65
	android:name
		ADDED from src/main/AndroidManifest.xml:5:22-62
uses-permission#android.permission.INTERNET
ADDED from src/main/AndroidManifest.xml:6:5-66
MERGED from src/main/AndroidManifest.xml:6:5-66
MERGED from src/main/AndroidManifest.xml:6:5-66
MERGED from [:firebase_admob] AndroidManifest.xml:7:5-67
MERGED from [:firebase_admob] AndroidManifest.xml:7:5-67
MERGED from [com.google.android.gms:play-services-maps:17.0.0] AndroidManifest.xml:24:5-67
MERGED from [com.google.android.gms:play-services-maps:17.0.0] AndroidManifest.xml:24:5-67
MERGED from [com.google.android.gms:play-services-measurement-api:17.2.0] AndroidManifest.xml:22:5-67
MERGED from [com.google.android.gms:play-services-measurement-api:17.2.0] AndroidManifest.xml:22:5-67
MERGED from [com.google.firebase:firebase-iid:20.0.0] AndroidManifest.xml:23:5-67
MERGED from [com.google.firebase:firebase-iid:20.0.0] AndroidManifest.xml:23:5-67
MERGED from [com.google.android.gms:play-services-ads-lite:18.1.1] AndroidManifest.xml:23:5-67
MERGED from [com.google.android.gms:play-services-ads-lite:18.1.1] AndroidManifest.xml:23:5-67
MERGED from [com.google.android.gms:play-services-measurement:17.2.0] AndroidManifest.xml:23:5-67
MERGED from [com.google.android.gms:play-services-measurement:17.2.0] AndroidManifest.xml:23:5-67
MERGED from [com.google.android.gms:play-services-measurement-impl:17.2.0] AndroidManifest.xml:23:5-67
MERGED from [com.google.android.gms:play-services-measurement-impl:17.2.0] AndroidManifest.xml:23:5-67
MERGED from [com.google.android.gms:play-services-measurement-sdk-api:17.2.0] AndroidManifest.xml:23:5-67
MERGED from [com.google.android.gms:play-services-measurement-sdk-api:17.2.0] AndroidManifest.xml:23:5-67
MERGED from [com.braintreepayments.api:drop-in:4.5.0] AndroidManifest.xml:13:5-67
MERGED from [com.braintreepayments.api:drop-in:4.5.0] AndroidManifest.xml:13:5-67
MERGED from [com.braintreepayments.api:braintree:3.7.2] AndroidManifest.xml:14:5-67
MERGED from [com.braintreepayments.api:braintree:3.7.2] AndroidManifest.xml:14:5-67
MERGED from [com.paypal.android.sdk:paypal-one-touch:3.7.2] AndroidManifest.xml:11:5-67
MERGED from [com.paypal.android.sdk:paypal-one-touch:3.7.2] AndroidManifest.xml:11:5-67
MERGED from [com.razorpay:checkout:1.5.16] AndroidManifest.xml:9:5-67
MERGED from [com.razorpay:checkout:1.5.16] AndroidManifest.xml:9:5-67
MERGED from [org.jfrog.cardinalcommerce.gradle:cardinalmobilesdk:2.2.1-2] AndroidManifest.xml:11:5-67
MERGED from [org.jfrog.cardinalcommerce.gradle:cardinalmobilesdk:2.2.1-2] AndroidManifest.xml:11:5-67
MERGED from [com.paypal.android.sdk:data-collector:3.7.2] AndroidManifest.xml:11:5-67
MERGED from [com.paypal.android.sdk:data-collector:3.7.2] AndroidManifest.xml:11:5-67
	android:name
		ADDED from src/main/AndroidManifest.xml:6:22-64
uses-permission#android.permission.RECEIVE_BOOT_COMPLETED
ADDED from src/main/AndroidManifest.xml:7:5-80
	android:name
		ADDED from src/main/AndroidManifest.xml:7:22-78
uses-permission#android.permission.VIBRATE
ADDED from src/main/AndroidManifest.xml:8:5-66
MERGED from [io.card:android-sdk:5.5.1] AndroidManifest.xml:10:5-66
MERGED from [io.card:android-sdk:5.5.1] AndroidManifest.xml:10:5-66
	android:name
		ADDED from src/main/AndroidManifest.xml:8:22-63
uses-permission#android.permission.WAKE_LOCK
ADDED from src/main/AndroidManifest.xml:9:5-68
MERGED from [com.google.android.gms:play-services-measurement-api:17.2.0] AndroidManifest.xml:24:5-68
MERGED from [com.google.android.gms:play-services-measurement-api:17.2.0] AndroidManifest.xml:24:5-68
MERGED from [com.google.firebase:firebase-iid:20.0.0] AndroidManifest.xml:24:5-68
MERGED from [com.google.firebase:firebase-iid:20.0.0] AndroidManifest.xml:24:5-68
MERGED from [com.google.android.gms:play-services-measurement:17.2.0] AndroidManifest.xml:25:5-68
MERGED from [com.google.android.gms:play-services-measurement:17.2.0] AndroidManifest.xml:25:5-68
MERGED from [com.google.android.gms:play-services-measurement-impl:17.2.0] AndroidManifest.xml:25:5-68
MERGED from [com.google.android.gms:play-services-measurement-impl:17.2.0] AndroidManifest.xml:25:5-68
MERGED from [com.google.android.gms:play-services-measurement-sdk-api:17.2.0] AndroidManifest.xml:25:5-68
MERGED from [com.google.android.gms:play-services-measurement-sdk-api:17.2.0] AndroidManifest.xml:25:5-68
	android:name
		ADDED from src/main/AndroidManifest.xml:9:22-65
application
ADDED from src/main/AndroidManifest.xml:18:5-79:19
MERGED from [:razorpay_flutter] AndroidManifest.xml:7:5-12:19
MERGED from [:razorpay_flutter] AndroidManifest.xml:7:5-12:19
MERGED from [:stripe_payment] AndroidManifest.xml:11:5-35:19
MERGED from [:stripe_payment] AndroidManifest.xml:11:5-35:19
MERGED from [:firebase_auth] AndroidManifest.xml:7:5-13:19
MERGED from [:firebase_auth] AndroidManifest.xml:7:5-13:19
MERGED from [:firebase_core] AndroidManifest.xml:7:5-13:19
MERGED from [:firebase_core] AndroidManifest.xml:7:5-13:19
MERGED from [:sms_otp_auto_verify] AndroidManifest.xml:7:5-17:19
MERGED from [:sms_otp_auto_verify] AndroidManifest.xml:7:5-17:19
MERGED from [:firebase_messaging] AndroidManifest.xml:7:5-18:19
MERGED from [:firebase_messaging] AndroidManifest.xml:7:5-18:19
MERGED from [:url_launcher] AndroidManifest.xml:7:5-12:19
MERGED from [:url_launcher] AndroidManifest.xml:7:5-12:19
MERGED from [com.stripe:stripe-android:10.4.6] AndroidManifest.xml:11:5-27:19
MERGED from [com.stripe:stripe-android:10.4.6] AndroidManifest.xml:11:5-27:19
MERGED from [com.stripe:stripe-3ds2-android:1.2.2] AndroidManifest.xml:11:5-18:19
MERGED from [com.stripe:stripe-3ds2-android:1.2.2] AndroidManifest.xml:11:5-18:19
MERGED from [com.google.firebase:firebase-ads:18.1.1] AndroidManifest.xml:7:5-20
MERGED from [com.google.firebase:firebase-ads:18.1.1] AndroidManifest.xml:7:5-20
MERGED from [com.google.firebase:firebase-analytics:17.2.0] AndroidManifest.xml:7:5-20
MERGED from [com.google.firebase:firebase-analytics:17.2.0] AndroidManifest.xml:7:5-20
MERGED from [io.card:android-sdk:5.5.1] AndroidManifest.xml:19:5-24:19
MERGED from [io.card:android-sdk:5.5.1] AndroidManifest.xml:19:5-24:19
MERGED from [com.google.firebase:firebase-messaging:20.0.0] AndroidManifest.xml:22:5-35:19
MERGED from [com.google.firebase:firebase-messaging:20.0.0] AndroidManifest.xml:22:5-35:19
MERGED from [com.google.android.gms:play-services-location:16.0.0] AndroidManifest.xml:7:5-20
MERGED from [com.google.android.gms:play-services-location:16.0.0] AndroidManifest.xml:7:5-20
MERGED from [com.google.firebase:firebase-auth:17.0.0] AndroidManifest.xml:23:5-40:19
MERGED from [com.google.firebase:firebase-auth:17.0.0] AndroidManifest.xml:23:5-40:19
MERGED from [com.google.android.gms:play-services-auth:17.0.0] AndroidManifest.xml:22:5-37:19
MERGED from [com.google.android.gms:play-services-auth:17.0.0] AndroidManifest.xml:22:5-37:19
MERGED from [com.google.android.gms:play-services-maps:17.0.0] AndroidManifest.xml:30:5-36:19
MERGED from [com.google.android.gms:play-services-maps:17.0.0] AndroidManifest.xml:30:5-36:19
MERGED from [com.google.android.gms:play-services-identity:17.0.0] AndroidManifest.xml:22:5-20
MERGED from [com.google.android.gms:play-services-identity:17.0.0] AndroidManifest.xml:22:5-20
MERGED from [com.google.firebase:firebase-auth-interop:17.0.0] AndroidManifest.xml:7:5-8:19
MERGED from [com.google.firebase:firebase-auth-interop:17.0.0] AndroidManifest.xml:7:5-8:19
MERGED from [com.google.android.gms:play-services-measurement-api:17.2.0] AndroidManifest.xml:26:5-34:19
MERGED from [com.google.android.gms:play-services-measurement-api:17.2.0] AndroidManifest.xml:26:5-34:19
MERGED from [com.google.firebase:firebase-iid:20.0.0] AndroidManifest.xml:28:5-45:19
MERGED from [com.google.firebase:firebase-iid:20.0.0] AndroidManifest.xml:28:5-45:19
MERGED from [com.google.firebase:firebase-iid-interop:17.0.0] AndroidManifest.xml:7:5-8:19
MERGED from [com.google.firebase:firebase-iid-interop:17.0.0] AndroidManifest.xml:7:5-8:19
MERGED from [com.google.android.gms:play-services-base:17.2.1] AndroidManifest.xml:22:5-27:19
MERGED from [com.google.android.gms:play-services-base:17.2.1] AndroidManifest.xml:22:5-27:19
MERGED from [com.google.android.gms:play-services-ads-lite:18.1.1] AndroidManifest.xml:26:5-40:19
MERGED from [com.google.android.gms:play-services-ads-lite:18.1.1] AndroidManifest.xml:26:5-40:19
MERGED from [com.google.android.gms:play-services-measurement:17.2.0] AndroidManifest.xml:28:5-53:19
MERGED from [com.google.android.gms:play-services-measurement:17.2.0] AndroidManifest.xml:28:5-53:19
MERGED from [com.google.android.gms:play-services-measurement-sdk:17.2.0] AndroidManifest.xml:22:5-23:19
MERGED from [com.google.android.gms:play-services-measurement-sdk:17.2.0] AndroidManifest.xml:22:5-23:19
MERGED from [com.google.android.gms:play-services-measurement-impl:17.2.0] AndroidManifest.xml:28:5-38:19
MERGED from [com.google.android.gms:play-services-measurement-impl:17.2.0] AndroidManifest.xml:28:5-38:19
MERGED from [com.google.android.gms:play-services-measurement-base:17.2.0] AndroidManifest.xml:7:5-20
MERGED from [com.google.android.gms:play-services-measurement-base:17.2.0] AndroidManifest.xml:7:5-20
MERGED from [com.google.android.gms:play-services-stats:17.0.0] AndroidManifest.xml:7:5-20
MERGED from [com.google.android.gms:play-services-stats:17.0.0] AndroidManifest.xml:7:5-20
MERGED from [com.google.firebase:firebase-common:19.0.0] AndroidManifest.xml:11:5-17:19
MERGED from [com.google.firebase:firebase-common:19.0.0] AndroidManifest.xml:11:5-17:19
MERGED from [com.google.firebase:firebase-measurement-connector:18.0.0] AndroidManifest.xml:22:5-23:19
MERGED from [com.google.firebase:firebase-measurement-connector:18.0.0] AndroidManifest.xml:22:5-23:19
MERGED from [com.google.android.gms:play-services-places-placereport:16.0.0] AndroidManifest.xml:22:5-20
MERGED from [com.google.android.gms:play-services-places-placereport:16.0.0] AndroidManifest.xml:22:5-20
MERGED from [com.google.android.gms:play-services-tasks:17.0.2] AndroidManifest.xml:7:5-20
MERGED from [com.google.android.gms:play-services-tasks:17.0.2] AndroidManifest.xml:7:5-20
MERGED from [com.google.android.gms:play-services-ads-identifier:17.0.0] AndroidManifest.xml:22:5-20
MERGED from [com.google.android.gms:play-services-ads-identifier:17.0.0] AndroidManifest.xml:22:5-20
MERGED from [com.google.android.gms:play-services-gass:18.1.1] AndroidManifest.xml:7:5-20
MERGED from [com.google.android.gms:play-services-gass:18.1.1] AndroidManifest.xml:7:5-20
MERGED from [com.google.android.gms:play-services-basement:17.2.1] AndroidManifest.xml:22:5-26:19
MERGED from [com.google.android.gms:play-services-basement:17.2.1] AndroidManifest.xml:22:5-26:19
MERGED from [com.braintreepayments.api:drop-in:4.5.0] AndroidManifest.xml:15:5-27:19
MERGED from [com.braintreepayments.api:drop-in:4.5.0] AndroidManifest.xml:15:5-27:19
MERGED from [com.google.android.material:material:1.0.0] AndroidManifest.xml:22:5-20
MERGED from [com.google.android.material:material:1.0.0] AndroidManifest.xml:22:5-20
MERGED from [com.braintreepayments.api:braintree:3.7.2] AndroidManifest.xml:16:5-20:19
MERGED from [com.braintreepayments.api:braintree:3.7.2] AndroidManifest.xml:16:5-20:19
MERGED from [androidx.core:core:1.2.0] AndroidManifest.xml:24:5-89
MERGED from [androidx.core:core:1.2.0] AndroidManifest.xml:24:5-89
MERGED from [androidx.versionedparcelable:versionedparcelable:1.1.0] AndroidManifest.xml:24:5-25:19
MERGED from [androidx.versionedparcelable:versionedparcelable:1.1.0] AndroidManifest.xml:24:5-25:19
MERGED from [com.razorpay:checkout:1.5.16] AndroidManifest.xml:11:5-30:19
MERGED from [com.razorpay:checkout:1.5.16] AndroidManifest.xml:11:5-30:19
MERGED from [com.braintreepayments.api:google-payment:3.1.1] AndroidManifest.xml:11:5-15:19
MERGED from [com.braintreepayments.api:google-payment:3.1.1] AndroidManifest.xml:11:5-15:19
MERGED from [org.jfrog.cardinalcommerce.gradle:cardinalmobilesdk:2.2.1-2] AndroidManifest.xml:13:5-24:19
MERGED from [org.jfrog.cardinalcommerce.gradle:cardinalmobilesdk:2.2.1-2] AndroidManifest.xml:13:5-24:19
MERGED from [com.google.android.gms:play-services-ads-base:18.1.1] AndroidManifest.xml:7:5-20
MERGED from [com.google.android.gms:play-services-ads-base:18.1.1] AndroidManifest.xml:7:5-20
	android:appComponentFactory
		ADDED from [androidx.core:core:1.2.0] AndroidManifest.xml:24:18-86
	android:supportsRtl
		ADDED from [com.braintreepayments.api:drop-in:4.5.0] AndroidManifest.xml:16:9-35
	android:label
		ADDED from src/main/AndroidManifest.xml:20:9-31
		REJECTED from [org.jfrog.cardinalcommerce.gradle:cardinalmobilesdk:2.2.1-2] AndroidManifest.xml:15:9-41
	tools:ignore
		ADDED from [com.braintreepayments.api:drop-in:4.5.0] AndroidManifest.xml:17:9-39
	android:allowBackup
		ADDED from [org.jfrog.cardinalcommerce.gradle:cardinalmobilesdk:2.2.1-2] AndroidManifest.xml:14:9-35
	android:icon
		ADDED from src/main/AndroidManifest.xml:22:9-36
	android:theme
		ADDED from [:stripe_payment] AndroidManifest.xml:11:18-74
	tools:replace
		ADDED from src/main/AndroidManifest.xml:21:9-38
	android:name
		ADDED from src/main/AndroidManifest.xml:19:9-57
meta-data#com.google.android.geo.API_KEY
ADDED from src/main/AndroidManifest.xml:23:9-24:73
	android:value
		ADDED from src/main/AndroidManifest.xml:24:16-71
	android:name
		ADDED from src/main/AndroidManifest.xml:23:20-65
meta-data#com.google.android.gms.ads.APPLICATION_ID
ADDED from src/main/AndroidManifest.xml:25:9-27:65
	android:value
		ADDED from src/main/AndroidManifest.xml:27:9-63
	android:name
		ADDED from src/main/AndroidManifest.xml:26:9-65
meta-data#com.google.firebase.messaging.default_notification_icon
ADDED from src/main/AndroidManifest.xml:28:9-30:57
	android:resource
		ADDED from src/main/AndroidManifest.xml:30:9-54
	android:name
		ADDED from src/main/AndroidManifest.xml:29:9-79
meta-data#com.google.firebase.messaging.default_notification_color
ADDED from src/main/AndroidManifest.xml:31:9-32:51
	android:resource
		ADDED from src/main/AndroidManifest.xml:32:9-48
	android:name
		ADDED from src/main/AndroidManifest.xml:31:20-91
activity#com.example.product.MainActivity
ADDED from src/main/AndroidManifest.xml:34:9-52:20
	android:launchMode
		ADDED from src/main/AndroidManifest.xml:36:13-43
	android:hardwareAccelerated
		ADDED from src/main/AndroidManifest.xml:39:13-47
	android:windowSoftInputMode
		ADDED from src/main/AndroidManifest.xml:40:13-55
	android:configChanges
		ADDED from src/main/AndroidManifest.xml:38:13-144
	android:theme
		ADDED from src/main/AndroidManifest.xml:37:13-47
	android:name
		ADDED from src/main/AndroidManifest.xml:35:13-41
meta-data#io.flutter.app.android.SplashScreenUntilFirstFrame
ADDED from src/main/AndroidManifest.xml:45:13-47:40
	android:value
		ADDED from src/main/AndroidManifest.xml:47:17-37
	android:name
		ADDED from src/main/AndroidManifest.xml:46:17-82
intent-filter#action:name:android.intent.action.MAIN+category:name:android.intent.category.LAUNCHER
ADDED from src/main/AndroidManifest.xml:48:13-51:29
action#android.intent.action.MAIN
ADDED from src/main/AndroidManifest.xml:49:17-68
	android:name
		ADDED from src/main/AndroidManifest.xml:49:25-66
category#android.intent.category.LAUNCHER
ADDED from src/main/AndroidManifest.xml:50:17-76
	android:name
		ADDED from src/main/AndroidManifest.xml:50:27-74
activity#com.braintreepayments.api.BraintreeBrowserSwitchActivity
ADDED from src/main/AndroidManifest.xml:53:9-65:20
	android:launchMode
		ADDED from src/main/AndroidManifest.xml:54:13-44
	android:name
		ADDED from src/main/AndroidManifest.xml:53:19-90
intent-filter#action:name:android.intent.action.VIEW+category:name:android.intent.category.BROWSABLE+category:name:android.intent.category.DEFAULT+data:scheme:com.example.product.braintree
ADDED from src/main/AndroidManifest.xml:55:13-60:29
action#android.intent.action.VIEW
ADDED from src/main/AndroidManifest.xml:56:17-69
	android:name
		ADDED from src/main/AndroidManifest.xml:56:25-66
category#android.intent.category.DEFAULT
ADDED from src/main/AndroidManifest.xml:57:17-76
	android:name
		ADDED from src/main/AndroidManifest.xml:57:27-73
category#android.intent.category.BROWSABLE
ADDED from src/main/AndroidManifest.xml:58:17-78
	android:name
		ADDED from src/main/AndroidManifest.xml:58:27-75
data
ADDED from src/main/AndroidManifest.xml:59:17-72
	android:scheme
		ADDED from src/main/AndroidManifest.xml:59:23-69
intent-filter#action:name:FLUTTER_NOTIFICATION_CLICK+category:name:android.intent.category.DEFAULT
ADDED from src/main/AndroidManifest.xml:61:13-64:29
action#FLUTTER_NOTIFICATION_CLICK
ADDED from src/main/AndroidManifest.xml:62:17-69
	android:name
		ADDED from src/main/AndroidManifest.xml:62:25-66
receiver#com.dexterous.flutterlocalnotifications.ScheduledNotificationReceiver
ADDED from src/main/AndroidManifest.xml:66:10-107
	android:name
		ADDED from src/main/AndroidManifest.xml:66:20-104
receiver#com.dexterous.flutterlocalnotifications.ScheduledNotificationBootReceiver
ADDED from src/main/AndroidManifest.xml:67:9-72:20
	android:name
		ADDED from src/main/AndroidManifest.xml:67:19-107
intent-filter#action:name:android.intent.action.BOOT_COMPLETED+action:name:android.intent.action.MY_PACKAGE_REPLACED
ADDED from src/main/AndroidManifest.xml:68:13-71:29
action#android.intent.action.BOOT_COMPLETED
ADDED from src/main/AndroidManifest.xml:69:17-78
	android:name
		ADDED from src/main/AndroidManifest.xml:69:25-76
action#android.intent.action.MY_PACKAGE_REPLACED
ADDED from src/main/AndroidManifest.xml:70:17-83
	android:name
		ADDED from src/main/AndroidManifest.xml:70:25-81
meta-data#flutterEmbedding
ADDED from src/main/AndroidManifest.xml:75:9-77:33
	android:value
		ADDED from src/main/AndroidManifest.xml:77:13-30
	android:name
		ADDED from src/main/AndroidManifest.xml:76:13-44
meta-data#com.google.android.gms.wallet.api.enabled
ADDED from src/main/AndroidManifest.xml:78:9-99
MERGED from [:stripe_payment] AndroidManifest.xml:12:9-14:36
MERGED from [:stripe_payment] AndroidManifest.xml:12:9-14:36
	android:value
		ADDED from src/main/AndroidManifest.xml:78:77-97
	android:name
		ADDED from src/main/AndroidManifest.xml:78:20-76
uses-sdk
INJECTED from src/main/AndroidManifest.xml reason: use-sdk injection requested
INJECTED from src/main/AndroidManifest.xml
INJECTED from src/main/AndroidManifest.xml
MERGED from [:braintree_payment] AndroidManifest.xml:5:5-44
MERGED from [:braintree_payment] AndroidManifest.xml:5:5-44
MERGED from [:location] AndroidManifest.xml:5:5-44
MERGED from [:location] AndroidManifest.xml:5:5-44
MERGED from [:razorpay_flutter] AndroidManifest.xml:5:5-44
MERGED from [:razorpay_flutter] AndroidManifest.xml:5:5-44
MERGED from [:google_maps_flutter] AndroidManifest.xml:5:5-44
MERGED from [:google_maps_flutter] AndroidManifest.xml:5:5-44
MERGED from [:flutter_plugin_android_lifecycle] AndroidManifest.xml:5:5-44
MERGED from [:flutter_plugin_android_lifecycle] AndroidManifest.xml:5:5-44
MERGED from [:geolocator] AndroidManifest.xml:5:5-44
MERGED from [:geolocator] AndroidManifest.xml:5:5-44
MERGED from [:google_api_availability] AndroidManifest.xml:5:5-44
MERGED from [:google_api_availability] AndroidManifest.xml:5:5-44
MERGED from [:flutter_local_notifications] AndroidManifest.xml:5:5-44
MERGED from [:flutter_local_notifications] AndroidManifest.xml:5:5-44
MERGED from [:stripe_payment] AndroidManifest.xml:7:5-9:41
MERGED from [:stripe_payment] AndroidManifest.xml:7:5-9:41